[      30ms] [LOG] [Fast Refresh] rebuilding @ webpack-internal:///./node_modules/next/dist/client/components/react-dev-overlay/pages/hot-reloader-client.js:221
[    1509ms] [LOG] [Fast Refresh] done in 1478ms @ webpack-internal:///./node_modules/next/dist/client/components/react-dev-overlay/pages/hot-reloader-client.js:190
[    4375ms] [INFO] %cDownload the React DevTools for a better development experience: https://reactjs.org/link/react-devtools font-weight:bold @ webpack-internal:///./node_modules/react-dom/cjs/react-dom.development.js:29889
[    4503ms] [LOG] [HMR] connected @ webpack-internal:///./node_modules/next/dist/client/components/react-dev-overlay/pages/websocket.js:45
[    6376ms] [ERROR] Warning: React does not recognize the `%s` prop on a DOM element. If you intentionally want it to appear in the DOM as a custom attribute, spell it as lowercase `%s` instead. If you accidentally passed it from a parent component, remove it from the DOM element.%s fetchPriority fetchpriority 
    at img
    at eval (webpack-internal:///./node_modules/next/dist/client/image-component.js:134:11)
    at eval (webpack-internal:///./node_modules/next/dist/client/image-component.js:244:47)
    at a
    at eval (webpack-internal:///./node_modules/@emotion/react/dist/emotion-element-7a1343fa.browser.development.esm.js:70:66)
    at ChakraComponent2 (webpack-internal:///./node_modules/@chakra-ui/react/dist/esm/system/system.mjs:51:15)
    at div
    at eval (webpack-internal:///./node_modules/@emotion/react/dist/emotion-element-7a1343fa.browser.development.esm.js:70:66)
    at ChakraComponent2 (webpack-internal:///./node_modules/@chakra-ui/react/dist/esm/system/system.mjs:51:15)
    at Flex2 (webpack-internal:///./node_modules/@chakra-ui/react/dist/esm/flex/flex.mjs:14:11)
    at div
    at eval (webpack-internal:///./node_modules/@emotion/react/dist/emotion-element-7a1343fa.browser.development.esm.js:70:66)
    at ChakraComponent2 (webpack-internal:///./node_modules/@chakra-ui/react/dist/esm/system/system.mjs:51:15)
    at WithSubnavigation (webpack-internal:///./components/utils/navbar3.js:45:97)
    at div
    at eval (webpack-internal:///./node_modules/@emotion/react/dist/emotion-element-7a1343fa.browser.development.esm.js:70:66)
    at ChakraComponent2 (webpack-internal:///./node_modules/@chakra-ui/react/dist/esm/system/system.mjs:51:15)
    at ContactPage (webpack-internal:///./pages/info/contact-enquiry.js:43:88)
    at div
    at eval (webpack-internal:///./node_modules/@emotion/react/dist/emotion-element-7a1343fa.browser.development.esm.js:70:66)
    at ChakraComponent2 (webpack-internal:///./node_modules/@chakra-ui/react/dist/esm/system/system.mjs:51:15)
    at EnvironmentProvider (webpack-internal:///./node_modules/@chakra-ui/react/dist/esm/env/env.mjs:33:11)
    at eval (webpack-internal:///./node_modules/@emotion/react/dist/emotion-element-7a1343fa.browser.development.esm.js:70:66)
    at ThemeProvider (webpack-internal:///./node_modules/@emotion/react/dist/emotion-element-7a1343fa.browser.development.esm.js:122:50)
    at ThemeProvider (webpack-internal:///./node_modules/@chakra-ui/react/dist/esm/system/providers.mjs:29:11)
    at Provider (webpack-internal:///./node_modules/@chakra-ui/react/dist/esm/provider/provider.mjs:21:5)
    at ChakraProvider (webpack-internal:///./node_modules/@chakra-ui/react/dist/esm/provider/create-provider.mjs:15:5)
    at MyApp (webpack-internal:///./pages/_app.js:15:11)
    at PathnameContextProviderAdapter (webpack-internal:///./node_modules/next/dist/shared/lib/router/adapters.js:81:11)
    at ErrorBoundary (webpack-internal:///./node_modules/next/dist/client/components/react-dev-overlay/pages/ErrorBoundary.js:41:9)
    at ReactDevOverlay (webpack-internal:///./node_modules/next/dist/client/components/react-dev-overlay/pages/ReactDevOverlay.js:33:11)
    at Container (webpack-internal:///./node_modules/next/dist/client/index.js:81:1)
    at AppContainer (webpack-internal:///./node_modules/next/dist/client/index.js:189:11)
    at Root (webpack-internal:///./node_modules/next/dist/client/index.js:413:11) @ webpack-internal:///./node_modules/next/dist/client/components/react-dev-overlay/internal/helpers/hydration-error-info.js:62
[  119115ms] [LOG] [Fast Refresh] rebuilding @ webpack-internal:///./node_modules/next/dist/client/components/react-dev-overlay/pages/hot-reloader-client.js:221
[  122085ms] [LOG] [Fast Refresh] done in 2970ms @ webpack-internal:///./node_modules/next/dist/client/components/react-dev-overlay/pages/hot-reloader-client.js:190
[  177342ms] [LOG] [Fast Refresh] rebuilding @ webpack-internal:///./node_modules/next/dist/client/components/react-dev-overlay/pages/hot-reloader-client.js:221
[  177765ms] [ERROR] ./pages/info/contact-enquiry.js
Error: 
  x Unexpected token. Did you mean `{'}'}` or `&rbrace;`?
     ,-[/home/obi/dev/PapecWebsite/pages/info/contact-enquiry.js:253:1]
 253 |       <CallToActionBanner />
 254 |     </Box>
 255 |   );
 256 | }
     : ^
 257 | 
 258 | const ContactInfoItem = ({ icon, text }) => (
 259 |   <Flex align="flex-start" gap={4}>
     `----

  x Unexpected token. Did you mean `{'>'}` or `&gt;`?
     ,-[/home/obi/dev/PapecWebsite/pages/info/contact-enquiry.js:255:1]
 255 |   );
 256 | }
 257 | 
 258 | const ContactInfoItem = ({ icon, text }) => (
     :                                           ^
 259 |   <Flex align="flex-start" gap={4}>
 260 |     <Box
 261 |       w={9} h={9}
     `----

  x Unexpected eof
     ,-[/home/obi/dev/PapecWebsite/pages/info/contact-enquiry.js:274:1]
 274 |     </Text>
 275 |   </Flex>
 276 | );
     `----

Caused by:
    Syntax Error

Import trace for requested module:
./pages/info/contact-enquiry.js @ webpack-internal:///./node_modules/next/dist/client/components/react-dev-overlay/internal/helpers/hydration-error-info.js:62
[  182345ms] [ERROR] ./pages/info/contact-enquiry.js
Error: 
  x Unexpected token. Did you mean `{'}'}` or `&rbrace;`?
     ,-[/home/obi/dev/PapecWebsite/pages/info/contact-enquiry.js:253:1]
 253 |       <CallToActionBanner />
 254 |     </Box>
 255 |   );
 256 | }
     : ^
 257 | 
 258 | const ContactInfoItem = ({ icon, text }) => (
 259 |   <Flex align="flex-start" gap={4}>
     `----

  x Unexpected token. Did you mean `{'>'}` or `&gt;`?
     ,-[/home/obi/dev/PapecWebsite/pages/info/contact-enquiry.js:255:1]
 255 |   );
 256 | }
 257 | 
 258 | const ContactInfoItem = ({ icon, text }) => (
     :                                           ^
 259 |   <Flex align="flex-start" gap={4}>
 260 |     <Box
 261 |       w={9} h={9}
     `----

  x Unexpected eof
     ,-[/home/obi/dev/PapecWebsite/pages/info/contact-enquiry.js:274:1]
 274 |     </Text>
 275 |   </Flex>
 276 | );
     `----

Caused by:
    Syntax Error @ webpack-internal:///./node_modules/next/dist/client/components/react-dev-overlay/internal/helpers/hydration-error-info.js:62
[  184053ms] [LOG] [Fast Refresh] done in 6711ms @ webpack-internal:///./node_modules/next/dist/client/components/react-dev-overlay/pages/hot-reloader-client.js:190
