[    3069ms] [INFO] %cDownload the React DevTools for a better development experience: https://reactjs.org/link/react-devtools font-weight:bold @ webpack-internal:///./node_modules/react-dom/cjs/react-dom.development.js:29889
[    4606ms] [LOG] [HMR] connected @ webpack-internal:///./node_modules/next/dist/client/components/react-dev-overlay/pages/websocket.js:45
[    5048ms] [ERROR] Warning: React does not recognize the `%s` prop on a DOM element. If you intentionally want it to appear in the DOM as a custom attribute, spell it as lowercase `%s` instead. If you accidentally passed it from a parent component, remove it from the DOM element.%s fetchPriority fetchpriority 
    at img
    at eval (webpack-internal:///./node_modules/next/dist/client/image-component.js:134:11)
    at eval (webpack-internal:///./node_modules/next/dist/client/image-component.js:244:47)
    at a
    at eval (webpack-internal:///./node_modules/@emotion/react/dist/emotion-element-7a1343fa.browser.development.esm.js:70:66)
    at ChakraComponent2 (webpack-internal:///./node_modules/@chakra-ui/react/dist/esm/system/system.mjs:51:15)
    at div
    at eval (webpack-internal:///./node_modules/@emotion/react/dist/emotion-element-7a1343fa.browser.development.esm.js:70:66)
    at ChakraComponent2 (webpack-internal:///./node_modules/@chakra-ui/react/dist/esm/system/system.mjs:51:15)
    at Flex2 (webpack-internal:///./node_modules/@chakra-ui/react/dist/esm/flex/flex.mjs:14:11)
    at div
    at eval (webpack-internal:///./node_modules/@emotion/react/dist/emotion-element-7a1343fa.browser.development.esm.js:70:66)
    at ChakraComponent2 (webpack-internal:///./node_modules/@chakra-ui/react/dist/esm/system/system.mjs:51:15)
    at WithSubnavigation (webpack-internal:///./components/utils/navbar3.js:45:97)
    at div
    at eval (webpack-internal:///./node_modules/@emotion/react/dist/emotion-element-7a1343fa.browser.development.esm.js:70:66)
    at ChakraComponent2 (webpack-internal:///./node_modules/@chakra-ui/react/dist/esm/system/system.mjs:51:15)
    at EducationLanding (webpack-internal:///./pages/index.js:76:11)
    at div
    at Home (webpack-internal:///./pages/index.js:61:43)
    at div
    at eval (webpack-internal:///./node_modules/@emotion/react/dist/emotion-element-7a1343fa.browser.development.esm.js:70:66)
    at ChakraComponent2 (webpack-internal:///./node_modules/@chakra-ui/react/dist/esm/system/system.mjs:51:15)
    at EnvironmentProvider (webpack-internal:///./node_modules/@chakra-ui/react/dist/esm/env/env.mjs:33:11)
    at eval (webpack-internal:///./node_modules/@emotion/react/dist/emotion-element-7a1343fa.browser.development.esm.js:70:66)
    at ThemeProvider (webpack-internal:///./node_modules/@emotion/react/dist/emotion-element-7a1343fa.browser.development.esm.js:122:50)
    at ThemeProvider (webpack-internal:///./node_modules/@chakra-ui/react/dist/esm/system/providers.mjs:29:11)
    at Provider (webpack-internal:///./node_modules/@chakra-ui/react/dist/esm/provider/provider.mjs:21:5)
    at ChakraProvider (webpack-internal:///./node_modules/@chakra-ui/react/dist/esm/provider/create-provider.mjs:15:5)
    at MyApp (webpack-internal:///./pages/_app.js:15:11)
    at PathnameContextProviderAdapter (webpack-internal:///./node_modules/next/dist/shared/lib/router/adapters.js:81:11)
    at ErrorBoundary (webpack-internal:///./node_modules/next/dist/client/components/react-dev-overlay/pages/ErrorBoundary.js:41:9)
    at ReactDevOverlay (webpack-internal:///./node_modules/next/dist/client/components/react-dev-overlay/pages/ReactDevOverlay.js:33:11)
    at Container (webpack-internal:///./node_modules/next/dist/client/index.js:81:1)
    at AppContainer (webpack-internal:///./node_modules/next/dist/client/index.js:189:11)
    at Root (webpack-internal:///./node_modules/next/dist/client/index.js:413:11) @ webpack-internal:///./node_modules/next/dist/client/components/react-dev-overlay/internal/helpers/hydration-error-info.js:62
[    6986ms] [ERROR] Failed to load resource: the server responded with a status of 401 () @ https://res.cloudinary.com/medoptics-image-cloud/image/upload/v1718637864/images_1_jje5hj.jpg:0
[    6987ms] [ERROR] Failed to load resource: the server responded with a status of 401 () @ https://res.cloudinary.com/medoptics-image-cloud/image/upload/v1718637805/images_fjxltj.jpg:0
[    7202ms] [ERROR] Failed to load resource: the server responded with a status of 401 () @ https://res.cloudinary.com/medoptics-image-cloud/image/upload/v1718637806/Taibah-International-School-logo-300x155_kzzuvd.jpg:0
[    7203ms] [ERROR] Failed to load resource: the server responded with a status of 401 () @ https://res.cloudinary.com/medoptics-image-cloud/image/upload/v1718637987/images_2_zpvxof.jpg:0
[    7205ms] [ERROR] Failed to load resource: the server responded with a status of 401 () @ https://res.cloudinary.com/medoptics-image-cloud/image/upload/v1718637806/thTJLxxo_400x400_jgniba.jpg:0
[  103712ms] [INFO] %cDownload the React DevTools for a better development experience: https://reactjs.org/link/react-devtools font-weight:bold @ webpack-internal:///./node_modules/react-dom/cjs/react-dom.development.js:29889
[  104712ms] [LOG] [HMR] connected @ webpack-internal:///./node_modules/next/dist/client/components/react-dev-overlay/pages/websocket.js:45
[  105105ms] [ERROR] Warning: React does not recognize the `%s` prop on a DOM element. If you intentionally want it to appear in the DOM as a custom attribute, spell it as lowercase `%s` instead. If you accidentally passed it from a parent component, remove it from the DOM element.%s fetchPriority fetchpriority 
    at img
    at eval (webpack-internal:///./node_modules/next/dist/client/image-component.js:134:11)
    at eval (webpack-internal:///./node_modules/next/dist/client/image-component.js:244:47)
    at a
    at eval (webpack-internal:///./node_modules/@emotion/react/dist/emotion-element-7a1343fa.browser.development.esm.js:70:66)
    at ChakraComponent2 (webpack-internal:///./node_modules/@chakra-ui/react/dist/esm/system/system.mjs:51:15)
    at div
    at eval (webpack-internal:///./node_modules/@emotion/react/dist/emotion-element-7a1343fa.browser.development.esm.js:70:66)
    at ChakraComponent2 (webpack-internal:///./node_modules/@chakra-ui/react/dist/esm/system/system.mjs:51:15)
    at Flex2 (webpack-internal:///./node_modules/@chakra-ui/react/dist/esm/flex/flex.mjs:14:11)
    at div
    at eval (webpack-internal:///./node_modules/@emotion/react/dist/emotion-element-7a1343fa.browser.development.esm.js:70:66)
    at ChakraComponent2 (webpack-internal:///./node_modules/@chakra-ui/react/dist/esm/system/system.mjs:51:15)
    at WithSubnavigation (webpack-internal:///./components/utils/navbar3.js:45:97)
    at div
    at eval (webpack-internal:///./node_modules/@emotion/react/dist/emotion-element-7a1343fa.browser.development.esm.js:70:66)
    at ChakraComponent2 (webpack-internal:///./node_modules/@chakra-ui/react/dist/esm/system/system.mjs:51:15)
    at SchoolStartUpPageComponent (webpack-internal:///./pages/school-startup.js:60:45)
    at div
    at eval (webpack-internal:///./node_modules/@emotion/react/dist/emotion-element-7a1343fa.browser.development.esm.js:70:66)
    at ChakraComponent2 (webpack-internal:///./node_modules/@chakra-ui/react/dist/esm/system/system.mjs:51:15)
    at EnvironmentProvider (webpack-internal:///./node_modules/@chakra-ui/react/dist/esm/env/env.mjs:33:11)
    at eval (webpack-internal:///./node_modules/@emotion/react/dist/emotion-element-7a1343fa.browser.development.esm.js:70:66)
    at ThemeProvider (webpack-internal:///./node_modules/@emotion/react/dist/emotion-element-7a1343fa.browser.development.esm.js:122:50)
    at ThemeProvider (webpack-internal:///./node_modules/@chakra-ui/react/dist/esm/system/providers.mjs:29:11)
    at Provider (webpack-internal:///./node_modules/@chakra-ui/react/dist/esm/provider/provider.mjs:21:5)
    at ChakraProvider (webpack-internal:///./node_modules/@chakra-ui/react/dist/esm/provider/create-provider.mjs:15:5)
    at MyApp (webpack-internal:///./pages/_app.js:15:11)
    at PathnameContextProviderAdapter (webpack-internal:///./node_modules/next/dist/shared/lib/router/adapters.js:81:11)
    at ErrorBoundary (webpack-internal:///./node_modules/next/dist/client/components/react-dev-overlay/pages/ErrorBoundary.js:41:9)
    at ReactDevOverlay (webpack-internal:///./node_modules/next/dist/client/components/react-dev-overlay/pages/ReactDevOverlay.js:33:11)
    at Container (webpack-internal:///./node_modules/next/dist/client/index.js:81:1)
    at AppContainer (webpack-internal:///./node_modules/next/dist/client/index.js:189:11)
    at Root (webpack-internal:///./node_modules/next/dist/client/index.js:413:11) @ webpack-internal:///./node_modules/next/dist/client/components/react-dev-overlay/internal/helpers/hydration-error-info.js:62
[  119022ms] [LOG] [Fast Refresh] rebuilding @ webpack-internal:///./node_modules/next/dist/client/components/react-dev-overlay/pages/hot-reloader-client.js:221
[  124343ms] [INFO] %cDownload the React DevTools for a better development experience: https://reactjs.org/link/react-devtools font-weight:bold @ webpack-internal:///./node_modules/react-dom/cjs/react-dom.development.js:29889
[  124431ms] [LOG] [HMR] connected @ webpack-internal:///./node_modules/next/dist/client/components/react-dev-overlay/pages/websocket.js:45
[  125197ms] [ERROR] Warning: React does not recognize the `%s` prop on a DOM element. If you intentionally want it to appear in the DOM as a custom attribute, spell it as lowercase `%s` instead. If you accidentally passed it from a parent component, remove it from the DOM element.%s fetchPriority fetchpriority 
    at img
    at eval (webpack-internal:///./node_modules/next/dist/client/image-component.js:134:11)
    at eval (webpack-internal:///./node_modules/next/dist/client/image-component.js:244:47)
    at a
    at eval (webpack-internal:///./node_modules/@emotion/react/dist/emotion-element-7a1343fa.browser.development.esm.js:70:66)
    at ChakraComponent2 (webpack-internal:///./node_modules/@chakra-ui/react/dist/esm/system/system.mjs:51:15)
    at div
    at eval (webpack-internal:///./node_modules/@emotion/react/dist/emotion-element-7a1343fa.browser.development.esm.js:70:66)
    at ChakraComponent2 (webpack-internal:///./node_modules/@chakra-ui/react/dist/esm/system/system.mjs:51:15)
    at Flex2 (webpack-internal:///./node_modules/@chakra-ui/react/dist/esm/flex/flex.mjs:14:11)
    at div
    at eval (webpack-internal:///./node_modules/@emotion/react/dist/emotion-element-7a1343fa.browser.development.esm.js:70:66)
    at ChakraComponent2 (webpack-internal:///./node_modules/@chakra-ui/react/dist/esm/system/system.mjs:51:15)
    at WithSubnavigation (webpack-internal:///./components/utils/navbar3.js:45:97)
    at div
    at eval (webpack-internal:///./node_modules/@emotion/react/dist/emotion-element-7a1343fa.browser.development.esm.js:70:66)
    at ChakraComponent2 (webpack-internal:///./node_modules/@chakra-ui/react/dist/esm/system/system.mjs:51:15)
    at CoursesPageComponent
    at div
    at eval (webpack-internal:///./node_modules/@emotion/react/dist/emotion-element-7a1343fa.browser.development.esm.js:70:66)
    at ChakraComponent2 (webpack-internal:///./node_modules/@chakra-ui/react/dist/esm/system/system.mjs:51:15)
    at EnvironmentProvider (webpack-internal:///./node_modules/@chakra-ui/react/dist/esm/env/env.mjs:33:11)
    at eval (webpack-internal:///./node_modules/@emotion/react/dist/emotion-element-7a1343fa.browser.development.esm.js:70:66)
    at ThemeProvider (webpack-internal:///./node_modules/@emotion/react/dist/emotion-element-7a1343fa.browser.development.esm.js:122:50)
    at ThemeProvider (webpack-internal:///./node_modules/@chakra-ui/react/dist/esm/system/providers.mjs:29:11)
    at Provider (webpack-internal:///./node_modules/@chakra-ui/react/dist/esm/provider/provider.mjs:21:5)
    at ChakraProvider (webpack-internal:///./node_modules/@chakra-ui/react/dist/esm/provider/create-provider.mjs:15:5)
    at MyApp (webpack-internal:///./pages/_app.js:15:11)
    at PathnameContextProviderAdapter (webpack-internal:///./node_modules/next/dist/shared/lib/router/adapters.js:81:11)
    at ErrorBoundary (webpack-internal:///./node_modules/next/dist/client/components/react-dev-overlay/pages/ErrorBoundary.js:41:9)
    at ReactDevOverlay (webpack-internal:///./node_modules/next/dist/client/components/react-dev-overlay/pages/ReactDevOverlay.js:33:11)
    at Container (webpack-internal:///./node_modules/next/dist/client/index.js:81:1)
    at AppContainer (webpack-internal:///./node_modules/next/dist/client/index.js:189:11)
    at Root (webpack-internal:///./node_modules/next/dist/client/index.js:413:11) @ webpack-internal:///./node_modules/next/dist/client/components/react-dev-overlay/internal/helpers/hydration-error-info.js:62
[  132852ms] [INFO] %cDownload the React DevTools for a better development experience: https://reactjs.org/link/react-devtools font-weight:bold @ webpack-internal:///./node_modules/react-dom/cjs/react-dom.development.js:29889
[  132911ms] [LOG] [HMR] connected @ webpack-internal:///./node_modules/next/dist/client/components/react-dev-overlay/pages/websocket.js:45
[  133703ms] [ERROR] Warning: React does not recognize the `%s` prop on a DOM element. If you intentionally want it to appear in the DOM as a custom attribute, spell it as lowercase `%s` instead. If you accidentally passed it from a parent component, remove it from the DOM element.%s fetchPriority fetchpriority 
    at img
    at eval (webpack-internal:///./node_modules/next/dist/client/image-component.js:134:11)
    at eval (webpack-internal:///./node_modules/next/dist/client/image-component.js:244:47)
    at a
    at eval (webpack-internal:///./node_modules/@emotion/react/dist/emotion-element-7a1343fa.browser.development.esm.js:70:66)
    at ChakraComponent2 (webpack-internal:///./node_modules/@chakra-ui/react/dist/esm/system/system.mjs:51:15)
    at div
    at eval (webpack-internal:///./node_modules/@emotion/react/dist/emotion-element-7a1343fa.browser.development.esm.js:70:66)
    at ChakraComponent2 (webpack-internal:///./node_modules/@chakra-ui/react/dist/esm/system/system.mjs:51:15)
    at Flex2 (webpack-internal:///./node_modules/@chakra-ui/react/dist/esm/flex/flex.mjs:14:11)
    at div
    at eval (webpack-internal:///./node_modules/@emotion/react/dist/emotion-element-7a1343fa.browser.development.esm.js:70:66)
    at ChakraComponent2 (webpack-internal:///./node_modules/@chakra-ui/react/dist/esm/system/system.mjs:51:15)
    at WithSubnavigation (webpack-internal:///./components/utils/navbar3.js:45:97)
    at div
    at eval (webpack-internal:///./node_modules/@emotion/react/dist/emotion-element-7a1343fa.browser.development.esm.js:70:66)
    at ChakraComponent2 (webpack-internal:///./node_modules/@chakra-ui/react/dist/esm/system/system.mjs:51:15)
    at EducationLanding (webpack-internal:///./pages/index.js:76:11)
    at div
    at Home (webpack-internal:///./pages/index.js:61:43)
    at div
    at eval (webpack-internal:///./node_modules/@emotion/react/dist/emotion-element-7a1343fa.browser.development.esm.js:70:66)
    at ChakraComponent2 (webpack-internal:///./node_modules/@chakra-ui/react/dist/esm/system/system.mjs:51:15)
    at EnvironmentProvider (webpack-internal:///./node_modules/@chakra-ui/react/dist/esm/env/env.mjs:33:11)
    at eval (webpack-internal:///./node_modules/@emotion/react/dist/emotion-element-7a1343fa.browser.development.esm.js:70:66)
    at ThemeProvider (webpack-internal:///./node_modules/@emotion/react/dist/emotion-element-7a1343fa.browser.development.esm.js:122:50)
    at ThemeProvider (webpack-internal:///./node_modules/@chakra-ui/react/dist/esm/system/providers.mjs:29:11)
    at Provider (webpack-internal:///./node_modules/@chakra-ui/react/dist/esm/provider/provider.mjs:21:5)
    at ChakraProvider (webpack-internal:///./node_modules/@chakra-ui/react/dist/esm/provider/create-provider.mjs:15:5)
    at MyApp (webpack-internal:///./pages/_app.js:15:11)
    at PathnameContextProviderAdapter (webpack-internal:///./node_modules/next/dist/shared/lib/router/adapters.js:81:11)
    at ErrorBoundary (webpack-internal:///./node_modules/next/dist/client/components/react-dev-overlay/pages/ErrorBoundary.js:41:9)
    at ReactDevOverlay (webpack-internal:///./node_modules/next/dist/client/components/react-dev-overlay/pages/ReactDevOverlay.js:33:11)
    at Container (webpack-internal:///./node_modules/next/dist/client/index.js:81:1)
    at AppContainer (webpack-internal:///./node_modules/next/dist/client/index.js:189:11)
    at Root (webpack-internal:///./node_modules/next/dist/client/index.js:413:11) @ webpack-internal:///./node_modules/next/dist/client/components/react-dev-overlay/internal/helpers/hydration-error-info.js:62
[  134368ms] [ERROR] Failed to load resource: the server responded with a status of 401 () @ https://res.cloudinary.com/medoptics-image-cloud/image/upload/v1718637864/images_1_jje5hj.jpg:0
[  134369ms] [ERROR] Failed to load resource: the server responded with a status of 401 () @ https://res.cloudinary.com/medoptics-image-cloud/image/upload/v1718637806/thTJLxxo_400x400_jgniba.jpg:0
[  134370ms] [ERROR] Failed to load resource: the server responded with a status of 401 () @ https://res.cloudinary.com/medoptics-image-cloud/image/upload/v1718637987/images_2_zpvxof.jpg:0
[  134371ms] [ERROR] Failed to load resource: the server responded with a status of 401 () @ https://res.cloudinary.com/medoptics-image-cloud/image/upload/v1718637805/images_fjxltj.jpg:0
[  134372ms] [ERROR] Failed to load resource: the server responded with a status of 401 () @ https://res.cloudinary.com/medoptics-image-cloud/image/upload/v1718637806/Taibah-International-School-logo-300x155_kzzuvd.jpg:0
[  187787ms] [LOG] [Fast Refresh] rebuilding @ webpack-internal:///./node_modules/next/dist/client/components/react-dev-overlay/pages/hot-reloader-client.js:221
[  190644ms] [LOG] [Fast Refresh] done in 2857ms @ webpack-internal:///./node_modules/next/dist/client/components/react-dev-overlay/pages/hot-reloader-client.js:190
[  195899ms] [LOG] [Fast Refresh] rebuilding @ webpack-internal:///./node_modules/next/dist/client/components/react-dev-overlay/pages/hot-reloader-client.js:221
[  198458ms] [LOG] [Fast Refresh] done in 2558ms @ webpack-internal:///./node_modules/next/dist/client/components/react-dev-overlay/pages/hot-reloader-client.js:190
[  198480ms] [WARNING] Image with src "https://res.cloudinary.com/medoptics-image-cloud/image/upload/v1718006910/Untitled_design_6_tv0jdx.png" has either width or height modified, but not the other. If you use CSS to change the size of your image, also include the styles 'width: "auto"' or 'height: "auto"' to maintain the aspect ratio. @ webpack-internal:///./node_modules/next/dist/shared/lib/utils/warn-once.js:15
